*** Starting uWSGI 2.0.13.1 (64bit) on [Mon Jul 11 22:44:25 2016] ***
compiled with version: 5.2.1 20151010 on 11 July 2016 22:11:20
os: Linux-4.2.0-41-generic #48-Ubuntu SMP Fri Jun 24 11:28:43 UTC 2016
nodename: sean
machine: x86_64
clock source: unix
detected number of CPU cores: 4
current working directory: /home/sean/django/fog
writing pidfile to /var/run/fog_uwsgi.pid
detected binary path: /usr/local/bin/uwsgi
!!! no internal routing support, rebuild with pcre support !!!
setgid() to 1001
setuid() to 1001
chdir() to /home/sean/django/fog
your processes number limit is 31130
your memory page size is 4096 bytes
detected max file descriptor number: 1024
lock engine: pthread robust mutexes
thunder lock: disabled (you can enable it with --thunder-lock)
bind(): Permission denied [core/socket.c line 230]
